<?xml version="1.0" encoding="UTF-8"?>
<!-- Generated by org.testng.reporters.JUnitReportReporter -->
<testsuite hostname="Chikkus_hp" failures="0" tests="1" name="com.obsqura.TestNGFramework.JavaScriptExecutorSample" time="32.592" errors="0" timestamp="2023-06-08T23:00:41 GMT-04:00" skipped="0">
  <testcase classname="com.obsqura.TestNGFramework.JavaScriptExecutorSample" name="javaScriptExecutorSample" time="32.592"/>
  <system-out/>
</testsuite> <!-- com.obsqura.TestNGFramework.JavaScriptExecutorSample -->
