<?xml version="1.0" encoding="UTF-8"?>
<!-- Generated by org.testng.reporters.JUnitReportReporter -->
<testsuite hostname="Chikkus_hp" failures="0" tests="1" name="com.obsqura.TestNGFramework.Asserts" time="3.993" errors="0" timestamp="2023-05-31T22:18:36 GMT-04:00" skipped="0">
  <testcase classname="com.obsqura.TestNGFramework.Asserts" name="assertNullSample" time="3.993"/>
  <system-out/>
</testsuite> <!-- com.obsqura.TestNGFramework.Asserts -->
