<?xml version="1.0" encoding="UTF-8"?>
<!-- Generated by org.testng.reporters.JUnitReportReporter -->
<testsuite hostname="Chikkus_hp" failures="0" tests="1" name="com.obsqura.TestNGFramework.MultipleWindowHandleSample" time="5.821" errors="0" timestamp="2023-06-08T21:18:46 GMT-04:00" skipped="0">
  <testcase classname="com.obsqura.TestNGFramework.MultipleWindowHandleSample" name="multipleWindowHandle" time="5.821"/>
  <system-out/>
</testsuite> <!-- com.obsqura.TestNGFramework.MultipleWindowHandleSample -->
