<?xml version="1.0" encoding="UTF-8"?>
<!-- Generated by org.testng.reporters.JUnitReportReporter -->
<testsuite hostname="Chikkus_hp" failures="0" tests="1" name="com.obsqura.TestNGFramework.Asserts" time="1741.193" errors="0" timestamp="2023-06-01T20:17:07 GMT-04:00" skipped="0">
  <testcase classname="com.obsqura.TestNGFramework.Asserts" name="assertNotNullSample" time="1741.193"/>
  <system-out/>
</testsuite> <!-- com.obsqura.TestNGFramework.Asserts -->
