<?xml version="1.0" encoding="UTF-8"?>
<!-- Generated by org.testng.reporters.JUnitReportReporter -->
<testsuite hostname="Chikkus_hp" failures="0" tests="1" name="com.obsqura.TestNGFramework.FileUpload" time="5.371" errors="0" timestamp="2023-06-08T20:37:55 GMT-04:00" skipped="0">
  <testcase classname="com.obsqura.TestNGFramework.FileUpload" name="pdfUploadUsingAutoIt" time="5.371"/>
  <system-out/>
</testsuite> <!-- com.obsqura.TestNGFramework.FileUpload -->
