<?xml version="1.0" encoding="UTF-8"?>
<!-- Generated by org.testng.reporters.JUnitReportReporter -->
<testsuite hostname="Chikkus_hp" failures="0" tests="1" name="com.obsqura.TestNGFramework.WebTableSample" time="3.326" errors="0" timestamp="2023-06-08T20:26:55 GMT-04:00" skipped="0">
  <testcase classname="com.obsqura.TestNGFramework.WebTableSample" name="toFindANameInWebTable" time="3.326"/>
  <system-out/>
</testsuite> <!-- com.obsqura.TestNGFramework.WebTableSample -->
