<?xml version="1.0" encoding="UTF-8"?>
<!-- Generated by org.testng.reporters.JUnitReportReporter -->
<testsuite hostname="Chikkus_hp" failures="0" tests="1" name="com.obsqura.TestNGFramework.CheckBox" time="5.460" errors="0" timestamp="2023-06-07T22:33:21 GMT-04:00" skipped="0">
  <testcase classname="com.obsqura.TestNGFramework.CheckBox" name="verifyWhetherFirstAndSecondOptionsInMultipleCheckBoxIsSelectedOnSelectingCheckBox" time="5.460"/>
  <system-out/>
</testsuite> <!-- com.obsqura.TestNGFramework.CheckBox -->
