<?xml version="1.0" encoding="UTF-8"?>
<!-- Generated by org.testng.reporters.JUnitReportReporter -->
<testsuite hostname="Chikkus_hp" failures="0" tests="1" name="com.obsqura.TestNGFramework.Menu" time="3.257" errors="0" timestamp="2023-06-01T18:53:49 GMT-04:00" skipped="0">
  <testcase classname="com.obsqura.TestNGFramework.Menu" name="toSelectMenuOptions" time="3.257"/>
  <system-out/>
</testsuite> <!-- com.obsqura.TestNGFramework.Menu -->
