<?xml version="1.0" encoding="UTF-8"?>
<!-- Generated by org.testng.reporters.JUnitReportReporter -->
<testsuite hostname="Chikkus_hp" failures="0" tests="1" name="com.obsqura.TestNGFramework.DropDown" time="3.310" errors="0" timestamp="2023-06-08T21:07:48 GMT-04:00" skipped="0">
  <testcase classname="com.obsqura.TestNGFramework.DropDown" name="dropDownSample" time="3.310"/>
  <system-out/>
</testsuite> <!-- com.obsqura.TestNGFramework.DropDown -->
