<?xml version="1.0" encoding="UTF-8"?>
<!-- Generated by org.testng.reporters.JUnitReportReporter -->
<testsuite hostname="Chikkus_hp" failures="0" tests="1" name="com.obsqura.TestNGFramework.Base" time="0.007" errors="0" timestamp="2023-05-29T22:43:26 GMT-04:00" skipped="0">
  <testcase classname="com.obsqura.TestNGFramework.Base" name="testCase1" time="0.007"/>
  <system-out/>
</testsuite> <!-- com.obsqura.TestNGFramework.Base -->
