<?xml version="1.0" encoding="UTF-8"?>
<!-- Generated by org.testng.reporters.JUnitReportReporter -->
<testsuite hostname="Chikkus_hp" failures="0" tests="1" name="com.obsqura.TestNGFramework.FormSubmit" time="3.844" errors="0" timestamp="2023-06-06T20:28:17 GMT-04:00" skipped="0">
  <testcase classname="com.obsqura.TestNGFramework.FormSubmit" name="formSubmitSample" time="3.844"/>
  <system-out/>
</testsuite> <!-- com.obsqura.TestNGFramework.FormSubmit -->
