<?xml version="1.0" encoding="UTF-8"?>
<!-- Generated by org.testng.reporters.JUnitReportReporter -->
<testsuite hostname="Chikkus_hp" failures="0" tests="1" name="com.obsqura.TestNGFramework.ActionClass" time="3.768" errors="0" timestamp="2023-06-06T20:30:51 GMT-04:00" skipped="0">
  <testcase classname="com.obsqura.TestNGFramework.ActionClass" name="dragAndDropUsingActionsClass" time="3.768"/>
  <system-out/>
</testsuite> <!-- com.obsqura.TestNGFramework.ActionClass -->
