<?xml version="1.0" encoding="UTF-8"?>
<!-- Generated by org.testng.reporters.JUnitReportReporter -->
<testsuite hostname="Chikkus_hp" failures="0" tests="1" name="com.obsqura.TestNGFramework.Alerts" time="3.458" errors="0" timestamp="2023-06-08T20:44:18 GMT-04:00" skipped="0">
  <testcase classname="com.obsqura.TestNGFramework.Alerts" name="simpleAlert" time="3.458"/>
  <system-out/>
</testsuite> <!-- com.obsqura.TestNGFramework.Alerts -->
